<?xml version="1.0" encoding="UTF-8"?>
<!-- Generated by org.testng.reporters.JUnitXMLReporter -->
<testsuite hostname="DESKTOP-II4GI5H" ignored="0" tests="6" failures="0" timestamp="08 Mar 2021 00:02:38 GMT" time="10.818" errors="0">
  <testcase name="ATest_Create_Article_success" time="1.565" classname="ArticleTests"/>
  <testcase name="BTest_InvalidToken_Cant_Create_New_Article" time="0.574" classname="ArticleTests"/>
  <testcase name="CTest_Show_Article_success" time="1.471" classname="ArticleTests"/>
  <testcase name="DTest_Show_All_Articles_success" time="1.657" classname="ArticleTests"/>
  <testcase name="ETest_Articles_Schema" time="2.657" classname="ArticleTests"/>
  <testcase name="ZTest_Delete_Article_success" time="1.452" classname="ArticleTests"/>
</testsuite>
