<?xml version="1.0" encoding="UTF-8"?>
<!-- Generated by org.testng.reporters.JUnitXMLReporter -->
<testsuite hostname="DESKTOP-II4GI5H" ignored="0" tests="14" failures="0" timestamp="08 Mar 2021 00:02:56 GMT" time="17.254" errors="0">
  <testcase name="ATest_Create_Post_success" time="1.274" classname="PostTests"/>
  <testcase name="BTest_Create_Post_Fails" time="1.421" classname="PostTests"/>
  <testcase name="CTest_Create_Post_FailBySecurity" time="0.586" classname="PostTests"/>
  <testcase name="DTest_Show_Post_success" time="1.68" classname="PostTests"/>
  <testcase name="ETest_Show_Post_Fails" time="1.426" classname="PostTests"/>
  <testcase name="FTest_Show_Post_FailBySecurity" time="0.624" classname="PostTests"/>
  <testcase name="GTest_ShowAll_Posts_Success" time="1.492" classname="PostTests"/>
  <testcase name="HTest_ShowAll_Posts_FailBySecurity" time="0.558" classname="PostTests"/>
  <testcase name="ITest_Edit_Post_success" time="1.272" classname="PostTests"/>
  <testcase name="JTest_Edit_Post_Fails" time="1.287" classname="PostTests"/>
  <testcase name="KTest_Edit_Post_FailBySecurity" time="0.597" classname="PostTests"/>
  <testcase name="LTest_Delete_Post_success" time="1.452" classname="PostTests"/>
  <testcase name="MTest_Delete_Post_Fails" time="1.371" classname="PostTests"/>
  <testcase name="NTest_Delete_Post_FailBySecurity" time="0.619" classname="PostTests"/>
</testsuite>
